D:\NTUT\program\Microsoft Visual Studio\Common7\IDE\VC\VCTargets\Microsoft.CppBuild.targets(376,5): warning MSB8004: Intermediate 目錄結尾不是結尾斜線。這個建置執行個體將會加入此斜線，因為這樣才能正確評估 Intermediate 目錄。
D:\NTUT\program\Microsoft Visual Studio\Common7\IDE\VC\VCTargets\Microsoft.CppBuild.targets(377,5): warning MSB8004: Output 目錄結尾不是結尾斜線。這個建置執行個體將會加入此斜線，因為這樣才能正確評估 Output 目錄。
  Main.c
d:\ntut\program\hw\program\final3\source\main.c(29): warning C4244: '函式': 將 'time_t' 轉換為 'unsigned int'，由於類型不同，可能導致資料遺失
d:\ntut\program\hw\program\final3\source\main.c(31): warning C4090: '函式': 不同的 'const' 限定詞
d:\ntut\program\hw\program\final3\source\main.c(48): warning C4047: '==': 'const char *' 與 'int' 間接取值的層級不同
d:\ntut\program\hw\program\final3\source\main.c(52): warning C4047: '==': 'const char *' 與 'int' 間接取值的層級不同
d:\ntut\program\hw\program\final3\source\main.c(56): warning C4047: '==': 'const char *' 與 'int' 間接取值的層級不同
d:\ntut\program\hw\program\final3\source\main.c(60): warning C4047: '==': 'const char *' 與 'int' 間接取值的層級不同
d:\ntut\program\hw\program\final3\source\main.c(64): warning C4047: '==': 'const char *' 與 'int' 間接取值的層級不同
d:\ntut\program\hw\program\final3\source\main.c(68): warning C4047: '==': 'const char *' 與 'int' 間接取值的層級不同
d:\ntut\program\hw\program\final3\source\main.c(72): warning C4047: '==': 'const char *' 與 'int' 間接取值的層級不同
d:\ntut\program\hw\program\final3\source\main.c(76): warning C4047: '==': 'const char *' 與 'int' 間接取值的層級不同
d:\ntut\program\hw\program\final3\source\main.c(80): warning C4047: '==': 'const char *' 與 'int' 間接取值的層級不同
d:\ntut\program\hw\program\final3\source\main.c(84): warning C4047: '==': 'const char *' 與 'int' 間接取值的層級不同
d:\ntut\program\hw\program\final3\source\main.c(88): warning C4047: '==': 'const char *' 與 'int' 間接取值的層級不同
d:\ntut\program\hw\program\final3\source\main.c(92): warning C4047: '==': 'const char *' 與 'int' 間接取值的層級不同
d:\ntut\program\hw\program\final3\source\main.c(96): warning C4047: '==': 'const char *' 與 'int' 間接取值的層級不同
d:\ntut\program\hw\program\final3\source\main.c(101): warning C4013: 'strcmp' 未定義; 假設 extern 傳回整數
d:\ntut\program\hw\program\final3\source\main.c(207): warning C4047: '==': 'const char *' 與 'int' 間接取值的層級不同
d:\ntut\program\hw\program\final3\source\main.c(211): warning C4047: '==': 'const char *' 與 'int' 間接取值的層級不同
d:\ntut\program\hw\program\final3\source\main.c(215): warning C4047: '==': 'const char *' 與 'int' 間接取值的層級不同
d:\ntut\program\hw\program\final3\source\main.c(219): warning C4047: '==': 'const char *' 與 'int' 間接取值的層級不同
d:\ntut\program\hw\program\final3\source\main.c(223): warning C4047: '==': 'const char *' 與 'int' 間接取值的層級不同
d:\ntut\program\hw\program\final3\source\main.c(227): warning C4047: '==': 'const char *' 與 'int' 間接取值的層級不同
d:\ntut\program\hw\program\final3\source\main.c(231): warning C4047: '==': 'const char *' 與 'int' 間接取值的層級不同
d:\ntut\program\hw\program\final3\source\main.c(235): warning C4047: '==': 'const char *' 與 'int' 間接取值的層級不同
d:\ntut\program\hw\program\final3\source\main.c(239): warning C4047: '==': 'const char *' 與 'int' 間接取值的層級不同
d:\ntut\program\hw\program\final3\source\main.c(243): warning C4047: '==': 'const char *' 與 'int' 間接取值的層級不同
d:\ntut\program\hw\program\final3\source\main.c(247): warning C4047: '==': 'const char *' 與 'int' 間接取值的層級不同
d:\ntut\program\hw\program\final3\source\main.c(251): warning C4047: '==': 'const char *' 與 'int' 間接取值的層級不同
d:\ntut\program\hw\program\final3\source\main.c(255): warning C4047: '==': 'const char *' 與 'int' 間接取值的層級不同
d:\ntut\program\hw\program\final3\source\main.c(613): warning C4553: '==': 未使用運算式結果; 您是否想要 '='?
d:\ntut\program\hw\program\final3\source\main.c(614): warning C4553: '==': 未使用運算式結果; 您是否想要 '='?
d:\ntut\program\hw\program\final3\source\main.c(972): warning C4098: 'compare': 'void' 函式正在傳回值
d:\ntut\program\hw\program\final3\source\main.c(974): warning C4098: 'compare': 'void' 函式正在傳回值
d:\ntut\program\hw\program\final3\source\main.c(976): warning C4098: 'compare': 'void' 函式正在傳回值
d:\ntut\program\hw\program\final3\source\main.c(44): warning C4101: 'juice': 未參考的區域變數
d:\ntut\program\hw\program\final3\source\main.c(42): warning C4101: 'twopairpl': 未參考的區域變數
d:\ntut\program\hw\program\final3\source\main.c(44): warning C4101: 'huge': 未參考的區域變數
d:\ntut\program\hw\program\final3\source\main.c(44): warning C4101: 'hole': 未參考的區域變數
d:\ntut\program\hw\program\final3\source\main.c(43): warning C4101: 'twopairco': 未參考的區域變數
d:\ntut\program\hw\program\final3\source\main.c(44): warning C4101: 'dick': 未參考的區域變數
d:\ntut\program\hw\program\final3\source\main.c(44): warning C4101: 'ass': 未參考的區域變數
d:\ntut\program\hw\program\final3\source\main.c(1015): warning C4477: 'printf' : 格式字串 '%-5d' 需要 'int' 類型的引數，但 variadic 引數 2 的類型為 'const char *const '
  HW.vcxproj -> D:\NTUT\program\HW\program\FINAL3\HW\HW\..\..\temp\debug\HW.exe
